<?xml version="1.0" encoding="UTF-8"?>
<!-- Generated by org.testng.reporters.JUnitXMLReporter -->
<testsuite hostname="sks-PC" ignored="0" name="Test" tests="11" failures="0" timestamp="2020-09-07T16:21:03 IST" time="0.132" errors="0">
  <testcase name="@BeforeTest Setup" time="0.076" classname="Com.Capge.Hos.Script.TestScript">
    <failure type="java.lang.IllegalStateException" message="The driver executable does not exist: C:\Users\sksDownloads\chromedriver_win32 (2)\chromedriver.exe">
      <![CDATA[java.lang.IllegalStateException: The driver executable does not exist: C:\Users\sksDownloads\chromedriver_win32 (2)\chromedriver.exe
at com.google.common.base.Preconditions.checkState(Preconditions.java:585)
at org.openqa.selenium.remote.service.DriverService.checkExecutable(DriverService.java:146)
at org.openqa.selenium.remote.service.DriverService.findExecutable(DriverService.java:141)
at org.openqa.selenium.chrome.ChromeDriverService.access$000(ChromeDriverService.java:35)
at org.openqa.selenium.chrome.ChromeDriverService$Builder.findDefaultExecutable(ChromeDriverService.java:159)
at org.openqa.selenium.remote.service.DriverService$Builder.build(DriverService.java:355)
at org.openqa.selenium.chrome.ChromeDriverService.createDefaultService(ChromeDriverService.java:94)
at org.openqa.selenium.chrome.ChromeDriver.<init>(ChromeDriver.java:123)
at Com.Capge.Hos.Base.Testbase.Openbrowser(Testbase.java:42)
at Com.Capge.Hos.Script.TestScript.Setup(TestScript.java:19)
... Removed 28 stack frames]]>
    </failure>
  </testcase> <!-- @BeforeTest Setup -->
  <testcase name="@AfterTest Teardown" time="-1.599475863932E9" classname="Com.Capge.Hos.Script.TestScript">
    <skipped/>
  </testcase> <!-- @AfterTest Teardown -->
  <testcase name="ValidateClick" time="0.0" classname="Com.Capge.Hos.Script.TestScript">
    <skipped/>
  </testcase> <!-- ValidateClick -->
  <testcase name="ValidateCreateNewAccount" time="0.0" classname="Com.Capge.Hos.Script.TestScript">
    <skipped/>
  </testcase> <!-- ValidateCreateNewAccount -->
  <testcase name="ValidateDrop_Day" time="0.001" classname="Com.Capge.Hos.Script.TestScript">
    <skipped/>
  </testcase> <!-- ValidateDrop_Day -->
  <testcase name="ValidateDrop_Month" time="0.0" classname="Com.Capge.Hos.Script.TestScript">
    <skipped/>
  </testcase> <!-- ValidateDrop_Month -->
  <testcase name="ValidateDrop_Year" time="0.0" classname="Com.Capge.Hos.Script.TestScript">
    <skipped/>
  </testcase> <!-- ValidateDrop_Year -->
  <testcase name="ValidateFemale" time="0.0" classname="Com.Capge.Hos.Script.TestScript">
    <skipped/>
  </testcase> <!-- ValidateFemale -->
  <testcase name="ValidateFirstname" time="0.0" classname="Com.Capge.Hos.Script.TestScript">
    <skipped/>
  </testcase> <!-- ValidateFirstname -->
  <testcase name="ValidateTitle" time="0.0" classname="Com.Capge.Hos.Script.TestScript">
    <skipped/>
  </testcase> <!-- ValidateTitle -->
  <testcase name="ValidateUrl" time="0.0" classname="Com.Capge.Hos.Script.TestScript">
    <skipped/>
  </testcase> <!-- ValidateUrl -->
  <testcase name="validateEmail" time="0.0" classname="Com.Capge.Hos.Script.TestScript">
    <skipped/>
  </testcase> <!-- validateEmail -->
  <testcase name="validatePass" time="0.0" classname="Com.Capge.Hos.Script.TestScript">
    <skipped/>
  </testcase> <!-- validatePass -->
</testsuite> <!-- Test -->
