<?xml version="1.0" encoding="UTF-8"?>
<!-- Generated by org.testng.reporters.JUnitReportReporter -->
<testsuite skipped="11" hostname="sks-PC" name="Com.Capge.Hos.Script.TestScript" tests="12" failures="0" timestamp="2020-09-07T16:21:03 IST" time="0.077" errors="1">
  <testcase name="ValidateClick" time="0.000" classname="Com.Capge.Hos.Script.TestScript">
    <skipped/>
  </testcase> <!-- ValidateClick -->
  <system-out/>
  <testcase name="ValidateDrop_Year" time="0.000" classname="Com.Capge.Hos.Script.TestScript">
    <skipped/>
  </testcase> <!-- ValidateDrop_Year -->
  <system-out/>
  <testcase name="ValidateTitle" time="0.000" classname="Com.Capge.Hos.Script.TestScript">
    <skipped/>
  </testcase> <!-- ValidateTitle -->
  <system-out/>
  <testcase name="ValidateCreateNewAccount" time="0.000" classname="Com.Capge.Hos.Script.TestScript">
    <skipped/>
  </testcase> <!-- ValidateCreateNewAccount -->
  <system-out/>
  <testcase name="ValidateUrl" time="0.000" classname="Com.Capge.Hos.Script.TestScript">
    <skipped/>
  </testcase> <!-- ValidateUrl -->
  <system-out/>
  <testcase name="ValidateDrop_Month" time="0.000" classname="Com.Capge.Hos.Script.TestScript">
    <skipped/>
  </testcase> <!-- ValidateDrop_Month -->
  <system-out/>
  <testcase name="ValidateFirstname" time="0.000" classname="Com.Capge.Hos.Script.TestScript">
    <skipped/>
  </testcase> <!-- ValidateFirstname -->
  <system-out/>
  <testcase name="validateEmail" time="0.000" classname="Com.Capge.Hos.Script.TestScript">
    <skipped/>
  </testcase> <!-- validateEmail -->
  <system-out/>
  <testcase name="validatePass" time="0.000" classname="Com.Capge.Hos.Script.TestScript">
    <skipped/>
  </testcase> <!-- validatePass -->
  <system-out/>
  <testcase name="Setup" time="0.076" classname="Com.Capge.Hos.Script.TestScript">
    <error type="java.lang.IllegalStateException" message="The driver executable does not exist: C:\Users\sksDownloads\chromedriver_win32 (2)\chromedriver.exe">
      <![CDATA[java.lang.IllegalStateException: The driver executable does not exist: C:\Users\sksDownloads\chromedriver_win32 (2)\chromedriver.exe
at com.google.common.base.Preconditions.checkState(Preconditions.java:585)
at org.openqa.selenium.remote.service.DriverService.checkExecutable(DriverService.java:146)
at org.openqa.selenium.remote.service.DriverService.findExecutable(DriverService.java:141)
at org.openqa.selenium.chrome.ChromeDriverService.access$000(ChromeDriverService.java:35)
at org.openqa.selenium.chrome.ChromeDriverService$Builder.findDefaultExecutable(ChromeDriverService.java:159)
at org.openqa.selenium.remote.service.DriverService$Builder.build(DriverService.java:355)
at org.openqa.selenium.chrome.ChromeDriverService.createDefaultService(ChromeDriverService.java:94)
at org.openqa.selenium.chrome.ChromeDriver.<init>(ChromeDriver.java:123)
at Com.Capge.Hos.Base.Testbase.Openbrowser(Testbase.java:42)
at Com.Capge.Hos.Script.TestScript.Setup(TestScript.java:19)
at sun.reflect.NativeMethodAccessorImpl.invoke0(Native Method)
at sun.reflect.NativeMethodAccessorImpl.invoke(NativeMethodAccessorImpl.java:62)
at sun.reflect.DelegatingMethodAccessorImpl.invoke(DelegatingMethodAccessorImpl.java:43)
at java.lang.reflect.Method.invoke(Method.java:498)
at org.testng.internal.MethodInvocationHelper.invokeMethod(MethodInvocationHelper.java:132)
at org.testng.internal.MethodInvocationHelper.invokeMethodConsideringTimeout(MethodInvocationHelper.java:61)
at org.testng.internal.ConfigInvoker.invokeConfigurationMethod(ConfigInvoker.java:366)
at org.testng.internal.ConfigInvoker.invokeConfigurations(ConfigInvoker.java:320)
at org.testng.TestRunner.invokeTestConfigurations(TestRunner.java:617)
at org.testng.TestRunner.beforeRun(TestRunner.java:607)
at org.testng.TestRunner.run(TestRunner.java:578)
at org.testng.SuiteRunner.runTest(SuiteRunner.java:384)
at org.testng.SuiteRunner.runSequentially(SuiteRunner.java:378)
at org.testng.SuiteRunner.privateRun(SuiteRunner.java:337)
at org.testng.SuiteRunner.run(SuiteRunner.java:286)
at org.testng.SuiteRunnerWorker.runSuite(SuiteRunnerWorker.java:53)
at org.testng.SuiteRunnerWorker.run(SuiteRunnerWorker.java:96)
at org.testng.TestNG.runSuitesSequentially(TestNG.java:1218)
at org.testng.TestNG.runSuitesLocally(TestNG.java:1140)
at org.testng.TestNG.runSuites(TestNG.java:1069)
at org.testng.TestNG.run(TestNG.java:1037)
at org.apache.maven.surefire.testng.TestNGExecutor.run(TestNGExecutor.java:284)
at org.apache.maven.surefire.testng.TestNGXmlTestSuite.execute(TestNGXmlTestSuite.java:75)
at org.apache.maven.surefire.testng.TestNGProvider.invoke(TestNGProvider.java:119)
at org.apache.maven.surefire.booter.ForkedBooter.runSuitesInProcess(ForkedBooter.java:428)
at org.apache.maven.surefire.booter.ForkedBooter.execute(ForkedBooter.java:162)
at org.apache.maven.surefire.booter.ForkedBooter.run(ForkedBooter.java:562)
at org.apache.maven.surefire.booter.ForkedBooter.main(ForkedBooter.java:548)
]]>
    </error>
  </testcase> <!-- Setup -->
  <system-out/>
  <testcase name="ValidateDrop_Day" time="0.001" classname="Com.Capge.Hos.Script.TestScript">
    <skipped/>
  </testcase> <!-- ValidateDrop_Day -->
  <system-out/>
  <testcase name="ValidateFemale" time="0.000" classname="Com.Capge.Hos.Script.TestScript">
    <skipped/>
  </testcase> <!-- ValidateFemale -->
  <system-out/>
</testsuite> <!-- Com.Capge.Hos.Script.TestScript -->
